1471
AMMO.ACM
30690
5010
2
ANIMAL.ACM
146880
29140
4
ANIMAL1.ACM
127888
30831
6
BANGPIP1.ACM
141940
34397
8
BANGPIPE.ACM
140484
33738
10
BATS.ACM
132262
31560
12
BATS1.ACM
114758
27762
14
BEER.ACM
27928
4198
16
BELLTOL1.ACM
119924
26974
18
BELLTOLL.ACM
113616
24477
20
BIGBOX2.ACM
24914
2670
22
BIGWIN.ACM
108858
27821
24
BIGWIN1.ACM
108812
27815
26
BLANK.ACM
93704
9013
28
BOX2.ACM
24914
2670
30
BOXBELL1.ACM
132744
29352
32
BOXBELL2.ACM
132960
30642
34
BRDCHIR1.ACM
119018
29323
36
BRDCHIRP.ACM
118974
29065
38
BRDSWELL.ACM
63452
15468
40
BUTIN1.ACM
10762
2526
42
BUTIN2.ACM
4320
1328
44
BUTIN3.ACM
4850
1474
46
BUTIN4.ACM
4320
1328
48
BUTOUT1.ACM
7388
1749
50
BUTOUT2.ACM
5824
1851
52
BUTOUT3.ACM
11518
2405
54
BUTOUT4.ACM
5824
1851
56
CAMERA.ACM
128624
32811
58
CARREPAR.ACM
137300
33774
60
CARSTART.ACM
132348
33122
62
CENSOR.ACM
40082
10161
64
CHEMICA1.ACM
113172
25895
66
CHEMICAL.ACM
109064
24139
68
CHIMES.ACM
106760
24163
70
CHIMES1.ACM
111468
25386
72
CLANG.ACM
105526
25292
74
CLANG1.ACM
112446
26403
76
CLANK.ACM
101842
23175
78
CLANK1.ACM
108848
24332
80
CLUB.ACM
26090
4065
82
CMBTFLX.ACM
20502
4965
84
COOLANT.ACM
121758
28977
86
CRANE.ACM
101684
25369
88
CRICKET.ACM
98824
17138
90
CRICKET1.ACM
83634
11180
92
DICE.ACM
70820
17544
94
DICE1.ACM
35748
8624
96
DOGBARK.ACM
112662
24181
98
DOGBARK1.ACM
105890
21413
100
DOGBARK2.ACM
99018
21359
102
DRUNKLA1.ACM
111748
26833
104
DRUNKLAF.ACM
104666
25473
106
DYNAMITE.ACM
26696
4042
108
ELECTRI1.ACM
113390
27484
110
ELECTRIC.ACM
118376
28618
112
ELEVATO1.ACM
155102
36296
114
ELEVATOR.ACM
146952
34746
116
ELV1_1.ACM
201348
48579
118
ELV1_2.ACM
100394
23743
120
ELV1_3.ACM
87280
20649
122
ELV2_3.ACM
155066
33128
124
FIXSTILL.ACM
128986
28663
126
FLAMETHR.ACM
32098
5336
128
FLARE.ACM
29472
4425
130
FLRTRAP.ACM
12910
3526
132
FOOTSTE1.ACM
131794
16290
134
FOOTSTEP.ACM
123598
12657
136
GEIGER.ACM
29432
4775
138
GNTLWIN1.ACM
113386
24971
140
GNTLWIND.ACM
114964
26952
142
GUSTWIN1.ACM
121948
28998
144
GUSTWIND.ACM
125760
29883
146
HFXXXXAA.ACM
104034
26227
148
HFXXXXAO.acm
24478
6133
150
HFXXXXAP.acm
19616
5084
152
HFXXXXBA.ACM
49238
12424
154
HFXXXXBB.ACM
48132
12307
156
HFXXXXBD.ACM
106264
26374
158
HFXXXXBE.ACM
67068
17391
160
HFXXXXBF.ACM
117478
29600
162
HFXXXXBG.ACM
123176
31157
164
HFXXXXBH.ACM
70838
18351
166
HFXXXXBI.ACM
73354
18244
168
HFXXXXBK.ACM
151670
38036
170
HFXXXXBM.ACM
83830
21256
172
HFXXXXCH.ACM
73730
18564
174
HFXXXXCJ.ACM
84690
21503
176
HFXXXXDE.ACM
17572
4894
178
HFXXXXED.ACM
42310
10048
180
HFXXXXEE.ACM
27984
7119
182
HFXXXXFE.ACM
28196
6954
184
HFXXXXGE.ACM
27882
6986
186
HFXXXXHD.ACM
16522
4236
188
HFXXXXHE.ACM
26526
7053
190
HFXXXXIE.ACM
25506
6846
192
HFXXXXJE.ACM
27344
7031
194
HFXXXXKE.ACM
33738
9081
196
HFXXXXLE.ACM
32668
8204
198
HFXXXXMA.ACM
42994
11227
200
HFXXXXME.ACM
31060
8028
202
HFXXXXYA.ACM
43970
11210
204
HFXXXXYB.ACM
46692
11759
206
HFXXXXZA.ACM
46262
12018
208
HFXXXXZB.ACM
47912
12032
210
HMGZMOHD.ACM
58026
14364
212
HMXXXXAA.ACM
70066
17647
214
HMXXXXAE.ACM
105052
26311
216
HMXXXXAN.acm
24038
5613
218
HMXXXXAO.acm
25652
6983
220
HMXXXXAP.acm
20180
5069
222
HMXXXXAQ.acm
25258
5093
224
HMXXXXAR.acm
39334
9630
226
HMXXXXBA.ACM
48902
12291
228
HMXXXXBB.ACM
50022
12554
230
HMXXXXBD.ACM
107098
27734
232
HMXXXXBE.ACM
68410
17253
234
HMXXXXBF.acm
114842
28790
236
HMXXXXBG.acm
93916
23627
238
HMXXXXBH.ACM
77318
19181
240
HMXXXXBI.ACM
74582
18601
242
HMXXXXBJ.ACM
64846
15866
244
HMXXXXBK.ACM
153248
38711
246
HMXXXXBL.ACM
63980
15760
248
HMXXXXBM.ACM
86834
21764
250
HMXXXXBN.ACM
89654
22293
252
HMXXXXCH.ACM
79598
20442
254
HMXXXXCJ.ACM
84330
21526
256
HMXXXXDA.ACM
62988
14793
258
HMXXXXDC.ACM
21782
5773
260
HMXXXXDD.ACM
23942
6062
262
HMXXXXDE.ACM
21084
5902
264
HMXXXXEA.ACM
56072
13042
266
HMXXXXEC.ACM
37892
9391
268
HMXXXXED.ACM
42310
10048
270
HMXXXXEE.ACM
29160
8064
272
HMXXXXFA.ACM
88228
20849
274
HMXXXXFC.ACM
41618
10754
276
HMXXXXFD.ACM
42310
10048
278
HMXXXXFE.ACM
34928
9123
280
HMXXXXGA.ACM
56086
13976
282
HMXXXXGC.ACM
34192
9125
284
HMXXXXGD.ACM
57768
14724
286
HMXXXXGE.ACM
33062
8720
288
HMXXXXHA.ACM
21878
6099
290
HMXXXXHC.ACM
21950
5894
292
HMXXXXHD.ACM
60426
15087
294
HMXXXXHE.ACM
25850
7137
296
HMXXXXIA.ACM
72658
17690
298
HMXXXXIC.acm
37452
9820
300
HMXXXXID.acm
58692
15137
302
HMXXXXIE.ACM
26486
7038
304
HMXXXXJA.ACM
85700
21351
306
HMXXXXJC.ACM
33784
9002
308
HMXXXXJD.ACM
33066
8915
310
HMXXXXJE.ACM
31466
8130
312
HMXXXXKA.ACM
106934
20407
314
HMXXXXKC.ACM
58946
15080
316
HMXXXXKD.ACM
58948
15180
318
HMXXXXKE.ACM
35824
9180
320
HMXXXXLC.acm
45496
12171
322
HMXXXXLD.acm
37658
10015
324
HMXXXXLE.ACM
41408
11052
326
HMXXXXMA.ACM
42994
11227
328
HMXXXXMC.ACM
49382
12486
330
HMXXXXMD.ACM
67638
14889
332
HMXXXXME.ACM
32968
8571
334
HMXXXXOA.acm
58752
18266
336
HMXXXXOC.acm
115344
44956
338
HMXXXXOD.acm
57676
27479
340
HMXXXXOE.acm
21376
8805
342
HMXXXXPA.acm
112636
49437
344
HMXXXXPC.ACM
33784
9002
346
HMXXXXPD.ACM
33066
8915
348
HMXXXXPE.ACM
31466
8130
350
HMXXXXQA.ACM
21878
6099
352
HMXXXXQC.acm
45030
19804
354
HMXXXXQD.acm
57194
20164
356
HMXXXXQE.ACM
21084
5902
358
HMXXXXSA.acm
58752
18266
360
HMXXXXSC.acm
115344
44956
362
HMXXXXSD.acm
57676
27479
364
HMXXXXSE.acm
21376
8805
366
HMXXXXYA.ACM
74768
18793
368
HMXXXXYB.ACM
46360
11992
370
HMXXXXZA.acm
47592
12138
372
HMXXXXZB.ACM
47886
12122
374
HMXXXXZQ.acm
46266
11190
376
HMXXXXZR.acm
50572
12308
378
HOWITZER.ACM
132956
30719
380
IACCUXX1.ACM
29004
6609
382
IB1LU1X1.ACM
7388
1749
384
IB1P1XX1.ACM
3032
1029
386
IB2LU1X1.ACM
9928
2399
388
IB2P1XX1.ACM
4320
1328
390
IB3LU1X1.ACM
11518
2405
392
IB3P1XX1.ACM
4850
1474
394
ICCNTNRA.ACM
21404
3868
396
ICCNTNRB.ACM
53516
11579
398
ICCNTNRC.ACM
13092
3835
400
ICCNTNRD.ACM
12692
3437
402
ICCNTNRE.ACM
116768
19366
404
ICIBCXX1.ACM
60014
13157
406
ICIBOXX1.ACM
67010
13472
408
ICOMBAT1.ACM
28288
4393
410
ICOMBAT2.ACM
25376
3591
412
ICSXXXX1.ACM
23814
5278
414
IISXXXX1.ACM
11364
2871
416
ILCNTNRA.ACM
27736
6914
418
ILCNTNRB.ACM
39868
10063
420
ILCNTNRC.ACM
33522
9146
422
ILCNTNRD.ACM
41386
10697
424
INCNTNRA.ACM
19702
5087
426
INCNTNRB.ACM
50778
13181
428
INCNTNRC.ACM
55020
14024
430
INCNTNRD.ACM
32684
8080
432
IOCNTNRA.ACM
31774
6866
434
IOCNTNRB.ACM
63088
11174
436
IOCNTNRC.ACM
13122
3940
438
IOCNTNRD.ACM
15238
4021
440
IOCNTNRE.ACM
99318
14633
442
IPICKUP1.ACM
6400
2051
444
IPUTDOWN.ACM
7296
2056
446
ISDXXXX1.ACM
10532
3006
448
JUPITER.ACM
112650
28140
450
KNIFE.ACM
30506
4823
452
LAUGHTE1.ACM
114114
26966
454
LAUGHTER.ACM
92166
22101
456
LEVELUP.ACM
38528
8980
458
LOOSER.ACM
57868
15449
460
LOSER.ACM
57934
15492
462
LTHARMOR.ACM
32672
5508
464
MAADOGAA.ACM
49774
12273
466
MAADOGAO.acm
17022
4292
468
MAADOGAP.ACM
15938
3979
470
MAADOGAQ.acm
42242
10885
472
MAADOGBA.ACM
12624
3289
474
MAADOGBB.ACM
13380
3592
476
MAADOGBE.ACM
24730
6185
478
MAADOGBF.ACM
93908
23174
480
MAADOGBH.ACM
44272
11150
482
MAADOGBI.ACM
56466
14408
484
MAADOGBK.ACM
55708
14108
486
MAADOGBL.ACM
54428
14050
488
MAADOGCH.ACM
50598
11952
490
MAADOGCJ.ACM
50386
12130
492
MAADOGGR.acm
67052
17529
494
MAADOGYA.ACM
18684
4802
496
MAADOGYB.ACM
26144
6517
498
MAADOGZA.ACM
20012
4793
500
MAADOGZB.ACM
21720
5049
502
MAADOGZQ.acm
25084
6187
504
MAANTTAA.ACM
53760
12109
506
MAANTTAN.ACM
18738
4619
508
MAANTTAO.ACM
21656
6015
510
MAANTTAQ.ACM
10734
1614
512
MAANTTBA.ACM
37102
8087
514
MAANTTBE.ACM
54444
13300
516
MAANTTBF.ACM
55240
14321
518
MAANTTBI.ACM
52952
13171
520
MAANTTBL.ACM
54928
14164
522
MAANTTCJ.ACM
26212
6877
524
MAANTTYA.ACM
36734
9203
526
MAANTTZA.ACM
38798
9141
528
MAANTTZQ.ACM
11276
3042
530
MABOS2BA.ACM
340534
77816
532
MABOS2BB.ACM
340534
77816
534
MABOSSAA.ACM
74242
16968
536
MABOSSAN.ACM
41724
10501
538
MABOSSAO.ACM
61960
15154
540
MABOSSAP.ACM
58560
14043
542
MABOSSAQ.ACM
46420
11369
544
MABOSSAR.ACM
36170
9120
546
MABOSSAS.ACM
61862
14853
548
MABOSSBA.ACM
78772
18162
550
MABOSSBL.ACM
473848
106493
552
MABOSSCJ.ACM
65352
15725
554
MABOSSDA.ACM
64468
16044
556
MABOSSDC.ACM
61694
14893
558
MABOSSDD.ACM
61190
15223
560
MABOSSDE.ACM
38666
10194
562
MABOSSHC.ACM
58098
15147
564
MABOSSHD.ACM
57762
14864
566
MABOSSKA.ACM
69604
17276
568
MABOSSKC.ACM
69394
17017
570
MABOSSKD.ACM
60582
15311
572
MABOSSKE.ACM
61728
15323
574
MABOSSZA.ACM
61288
13185
576
MABOSSZQ.ACM
18106
4531
578
MABOSSZR.ACM
19680
5095
580
MABRANAA.ACM
35464
9089
582
MABRANAN.ACM
24056
6087
584
MABRANAO.ACM
24576
6153
586
MABRANAQ.ACM
39392
10063
588
MABRANBB.ACM
35894
9158
590
MABRANBD.ACM
39352
10215
592
MABRANBF.ACM
55562
14324
594
MABRANCH.ACM
33286
9013
596
MABRANYB.ACM
33376
8919
598
MABRANZB.ACM
44034
11128
600
MABRANZQ.ACM
18846
5074
602
MABROMAA.ACM
55388
13754
604
MABROMAO.acm
25472
6438
606
MABROMAP.ACM
25330
6551
608
MABROMAQ.acm
69058
16652
610
MABROMBA.ACM
29490
7564
612
MABROMBB.ACM
25972
6729
614
MABROMBE.acm
40238
10151
616
MABROMBF.ACM
83900
20448
618
MABROMBH.ACM
44272
11223
620
MABROMBI.ACM
76384
18941
622
MABROMBK.ACM
58908
15129
624
MABROMBL.ACM
58566
15088
626
MABROMCH.ACM
58606
13609
628
MABROMCJ.ACM
58596
14257
630
MABROMYA.ACM
31104
7856
632
MABROMYB.ACM
29626
7406
634
MABROMZA.ACM
33214
7888
636
MABROMZB.ACM
33408
8275
638
MABROMZQ.acm
15894
3691
640
MACLAWAA.ACM
52692
13040
642
MACLAWAK.ACM
58708
15018
644
MACLAWAO.ACM
35690
8638
646
MACLAWAP.ACM
34062
9074
648
MACLAWAQ.ACM
54472
14154
650
MACLAWBA.ACM
26158
7131
652
MACLAWBB.ACM
25632
6658
654
MACLAWBD.ACM
56642
14171
656
MACLAWBE.ACM
36116
9254
658
MACLAWBF.ACM
84884
21238
660
MACLAWBH.ACM
58334
14977
662
MACLAWBI.ACM
40874
10031
664
MACLAWBK.ACM
61118
15160
666
MACLAWCH.ACM
47796
12161
668
MACLAWCJ.ACM
58168
14791
670
MACLAWYA.ACM
39834
10145
672
MACLAWYB.ACM
69566
17251
674
MACLAWZA.ACM
72692
18095
676
MACLAWZB.ACM
77798
19089
678
MACLAWZQ.ACM
25820
6707
680
MACLW2AA.ACM
58056
14334
682
MACLW2AK.ACM
49928
13312
684
MACLW2AN.ACM
35038
9025
686
MACLW2AO.ACM
33452
8251
688
MACLW2AP.ACM
35992
9117
690
MACLW2AQ.ACM
71688
17932
692
MACLW2BA.ACM
35308
8816
694
MACLW2BB.ACM
49920
12549
696
MACLW2BD.ACM
73144
18443
698
MACLW2BE.ACM
33472
9059
700
MACLW2BF.ACM
83068
21533
702
MACLW2BH.ACM
39128
10179
704
MACLW2BI.ACM
50946
13331
706
MACLW2BK.ACM
46050
12306
708
MACLW2CH.ACM
44110
11215
710
MACLW2CJ.ACM
65946
16534
712
MACLW2YA.ACM
33514
8966
714
MACLW2YB.ACM
47514
12265
716
MACLW2ZA.ACM
84754
21262
718
MACLW2ZB.ACM
115384
29092
720
MACLW2ZQ.ACM
27430
7174
722
MACYBRAA.ACM
73130
18057
724
MACYBRAK.ACM
83148
21050
726
MACYBRAN.ACM
46694
10874
728
MACYBRAO.ACM
58210
14739
730
MACYBRAP.ACM
48406
12005
732
MACYBRAQ.ACM
57068
14052
734
MACYBRBA.ACM
44840
11192
736
MACYBRBB.ACM
37932
9890
738
MACYBRBF.ACM
97506
24737
740
MACYBRBI.ACM
67872
17418
742
MACYBRBL.ACM
64968
16045
744
MACYBRCH.ACM
79118
20559
746
MACYBRCJ.ACM
48098
12385
748
MACYBRYA.ACM
42236
10733
750
MACYBRYB.ACM
41840
10651
752
MACYBRZA.ACM
43764
11150
754
MACYBRZB.ACM
45076
11399
756
MACYBRZQ.ACM
21916
6077
758
MADDOGAA.ACM
49774
12273
760
MADDOGAO.acm
17022
4292
762
MADDOGAP.ACM
15938
3979
764
MADDOGAQ.acm
42242
10885
766
MADDOGBA.ACM
12624
3289
768
MADDOGBB.ACM
13380
3592
770
MADDOGBE.ACM
24730
6185
772
MADDOGBF.ACM
93908
23174
774
MADDOGBH.ACM
44272
11150
776
MADDOGBI.ACM
56466
14408
778
MADDOGBK.ACM
55708
14108
780
MADDOGBL.ACM
54428
14050
782
MADDOGCH.ACM
50598
11952
784
MADDOGCJ.ACM
50386
12130
786
MADDOGGR.acm
67052
17529
788
MADDOGYA.ACM
18684
4802
790
MADDOGYB.ACM
26144
6517
792
MADDOGZA.ACM
20012
4793
794
MADDOGZB.ACM
21720
5049
796
MADDOGZQ.acm
25084
6187
798
MADEGGBA.ACM
55240
14293
800
MADETHAA.ACM
52692
13040
802
MADETHAK.ACM
58708
15018
804
MADETHAO.ACM
35690
8638
806
MADETHAP.ACM
34062
9074
808
MADETHAQ.ACM
54472
14154
810
MADETHBA.ACM
26158
7131
812
MADETHBB.ACM
25632
6658
814
MADETHBD.ACM
56642
14171
816
MADETHBE.ACM
36116
9254
818
MADETHBF.ACM
84884
21238
820
MADETHBH.ACM
58334
14977
822
MADETHBI.ACM
40874
10031
824
MADETHBK.ACM
61118
15160
826
MADETHCH.ACM
47796
12161
828
MADETHCJ.ACM
58168
14791
830
MADETHYA.ACM
39834
10145
832
MADETHYB.ACM
69566
17251
834
MADETHZA.ACM
72692
18095
836
MADETHZB.ACM
77798
19089
838
MADETHZQ.ACM
25820
6707
840
MAFEYEAA.ACM
37264
8743
842
MAFEYEAN.ACM
25320
5623
844
MAFEYEAO.ACM
32352
7745
846
MAFEYEAP.ACM
32962
7450
848
MAFEYEAQ.ACM
31456
5233
850
MAFEYEBA.ACM
42400
10031
852
MAFEYEBB.ACM
42372
10197
854
MAFEYEBE.ACM
53898
13141
856
MAFEYEBF.ACM
77812
16841
858
MAFEYEBL.ACM
68802
17489
860
MAFEYECH.ACM
31118
6946
862
MAFEYECJ.ACM
30482
6802
864
MAFEYEYA.ACM
47800
11625
866
MAFEYEYB.ACM
43502
10740
868
MAFEYEZA.ACM
41930
10279
870
MAFEYEZB.ACM
44748
10991
872
MAFEYEZQ.ACM
41508
10406
874
MAFIREAA.ACM
72762
17935
876
MAFIREAN.ACM
33054
8863
878
MAFIREAO.ACM
39570
10293
880
MAFIREAP.ACM
38550
10224
882
MAFIREAQ.ACM
43314
10522
884
MAFIREAR.ACM
34614
8943
886
MAFIREBA.ACM
39324
9880
888
MAFIREBB.ACM
28860
7465
890
MAFIREBD.ACM
71622
18383
892
MAFIREBF.ACM
73490
18527
894
MAFIREBG.ACM
85356
21631
896
MAFIREBI.ACM
82652
21450
898
MAFIREBL.ACM
62682
16388
900
MAFIRECH.ACM
42998
11225
902
MAFIRECJ.ACM
45008
11297
904
MAFIREZA.ACM
41098
10501
906
MAFIREZB.ACM
32546
8233
908
MAFIREZQ.ACM
27262
7085
910
MAFIREZR.ACM
37800
10038
912
MAGCKOAA.ACM
58874
14926
914
MAGCKOAN.ACM
27078
7198
916
MAGCKOAO.ACM
37458
9065
918
MAGCKOAP.ACM
36010
9195
920
MAGCKOAQ.ACM
32654
8204
922
MAGCKOAR.ACM
31910
8259
924
MAGCKOBA.ACM
36706
8914
926
MAGCKOBB.ACM
31496
8189
928
MAGCKOBD.ACM
66018
16898
930
MAGCKOBE.ACM
20386
5171
932
MAGCKOBF.ACM
74596
19439
934
MAGCKOBG.ACM
82796
21620
936
MAGCKOBI.ACM
82688
21500
938
MAGCKOBL.ACM
57408
14628
940
MAGCKOBM.ACM
39494
10294
942
MAGCKOCH.ACM
45794
12293
944
MAGCKOCJ.ACM
58102
15436
946
MAGCKOYA.ACM
47224
12163
948
MAGCKOYB.ACM
59566
15303
950
MAGCKOZA.ACM
57308
14312
952
MAGCKOZB.ACM
49818
12722
954
MAGCKOZQ.ACM
26322
6360
956
MAGCKOZR.ACM
42984
10847
958
MAGKO2AA.ACM
88276
22155
960
MAGKO2AN.ACM
32828
8387
962
MAGKO2AO.ACM
30334
8103
964
MAGKO2AP.ACM
40146
10091
966
MAGKO2AQ.ACM
28806
7429
968
MAGKO2AR.ACM
23296
6181
970
MAGKO2BA.ACM
38962
10211
972
MAGKO2BB.ACM
36796
9173
974
MAGKO2BD.ACM
72490
18421
976
MAGKO2BE.ACM
31226
8151
978
MAGKO2BF.ACM
75976
19566
980
MAGKO2BG.ACM
81584
20528
982
MAGKO2BI.ACM
85442
21642
984
MAGKO2BL.ACM
60790
15374
986
MAGKO2BM.ACM
42034
11288
988
MAGKO2CH.ACM
55474
14365
990
MAGKO2CJ.ACM
47176
12193
992
MAGKO2YA.ACM
29490
8192
994
MAGKO2YB.ACM
29868
8149
996
MAGKO2ZA.ACM
53216
13303
998
MAGKO2ZB.ACM
44988
11274
1000
MAGKO2ZQ.ACM
16672
4206
1002
MAGKO2ZR.ACM
35508
8984
1004
magun2ao.acm
55284
13276
1006
magun2AP.acm
32962
7450
1008
magun2BA.acm
42400
10031
1010
magun2cj.acm
30482
6802
1012
magun2YA.acm
47800
11625
1014
magun2ZA.acm
41930
10279
1016
MAGUNNAO.ACM
55284
13276
1018
MAGUNNAP.ACM
32962
7450
1020
MAGUNNBA.ACM
42400
10031
1022
MAGUNNCJ.ACM
30482
6802
1024
MAGUNNLC.ACM
42534
10461
1026
MAGUNNLD.ACM
42534
10461
1028
MAGUNNYA.ACM
47800
11625
1030
MAGUNNZA.ACM
41930
10279
1032
MAHANDAA.ACM
45238
11128
1034
MAHANDAO.ACM
55284
13276
1036
MAHANDAQ.ACM
50150
12065
1038
MAHANDBA.ACM
52214
12892
1040
MAHANDBK.ACM
49384
13075
1042
MAHANDBL.ACM
76188
19520
1044
MAHANDCJ.ACM
37904
9273
1046
MAHANDKA.ACM
44320
11236
1048
MAHANDKC.ACM
56662
14132
1050
MAHANDKD.ACM
44392
11187
1052
MAHANDKE.ACM
41914
10684
1054
MAHANDLA.ACM
57324
14191
1056
MAHANDLC.ACM
56358
13600
1058
MAHANDLD.ACM
43000
10596
1060
MAHANDLE.ACM
44134
11043
1062
MAHANDYA.ACM
66294
16421
1064
MAHANDZA.ACM
75584
16832
1066
MAHANDZQ.ACM
47170
10354
1068
MALIENAA.ACM
96586
23679
1070
MALIENAN.ACM
39632
9740
1072
MALIENAO.ACM
41956
11216
1074
MALIENAP.ACM
53754
14225
1076
MALIENAQ.ACM
50342
13056
1078
MALIENAR.ACM
66852
17453
1080
MALIENBA.ACM
54268
14052
1082
MALIENBB.ACM
42374
11280
1084
MALIENBD.ACM
69302
17407
1086
MALIENBE.ACM
47180
12310
1088
MALIENBF.ACM
70760
18502
1090
MALIENBG.ACM
65010
16504
1092
MALIENBH.ACM
38374
9725
1094
MALIENBI.ACM
51666
13287
1096
MALIENBK.ACM
47964
12215
1098
MALIENBL.ACM
48130
12357
1100
MALIENBM.ACM
59382
15343
1102
MALIENCH.ACM
58594
15244
1104
MALIENCJ.ACM
59720
14831
1106
MALIENYA.ACM
44768
11191
1108
MALIENYB.ACM
44768
11191
1110
MALIENZA.ACM
31120
8234
1112
MALIENZB.ACM
40398
10256
1114
MALIENZQ.ACM
23598
6167
1116
MALIENZR.ACM
31120
8081
1118
MALIEUAA.ACM
110186
25316
1120
MALIEUBL.ACM
616010
153417
1122
MAMANTAA.ACM
53760
12109
1124
MAMANTAN.ACM
18738
4619
1126
MAMANTAO.ACM
21656
6015
1128
MAMANTAQ.ACM
10734
1614
1130
MAMANTBA.ACM
37102
8087
1132
MAMANTBE.ACM
54444
13300
1134
MAMANTBF.ACM
55240
14321
1136
MAMANTBI.ACM
52952
13171
1138
MAMANTBL.ACM
54928
14164
1140
MAMANTCJ.ACM
26212
6877
1142
MAMANTYA.ACM
36734
9203
1144
MAMANTZA.ACM
38798
9141
1146
MAMANTZQ.ACM
11276
3042
1148
MAMDNTBF.ACM
136788
34343
1150
MAMRATAA.ACM
31598
7992
1152
MAMRATAO.ACM
26082
6224
1154
MAMRATAQ.ACM
22382
5906
1156
MAMRATBA.ACM
31904
7825
1158
MAMRATBB.ACM
31904
7825
1160
MAMRATBD.ACM
43904
11146
1162
MAMRATBE.ACM
39454
9302
1164
MAMRATBF.ACM
71598
17988
1166
MAMRATBH.ACM
41376
9781
1168
MAMRATCJ.ACM
36998
8594
1170
MAMRATYA.ACM
23980
6004
1172
MAMRATYB.ACM
23980
6004
1174
MAMRATZA.ACM
44048
11106
1176
MAMRATZB.ACM
44048
11106
1178
MAMRATZQ.ACM
39454
9691
1180
MAMSTRAO.ACM
25548
6692
1182
MAMSTRBL.ACM
339344
84969
1184
MAMSTRLC.ACM
42534
10461
1186
MAMTN2AA.ACM
100856
24016
1188
MAMTNTAA.ACM
131898
31650
1190
MAMTNTAN.ACM
27684
6910
1192
MAMTNTAO.ACM
34202
8987
1194
MAMTNTAP.ACM
37778
9628
1196
MAMTNTAQ.ACM
25258
5093
1198
MAMTNTBA.ACM
73012
18500
1200
MAMTNTBB.ACM
44874
11108
1202
MAMTNTBD.ACM
138920
34177
1204
MAMTNTBE.ACM
52868
13190
1206
MAMTNTBF.ACM
130042
32665
1208
MAMTNTBG.ACM
106670
26568
1210
MAMTNTBH.ACM
62880
15963
1212
MAMTNTBI.ACM
65320
16349
1214
MAMTNTBJ.ACM
64846
15866
1216
MAMTNTBK.ACM
76204
19426
1218
MAMTNTBL.ACM
63980
15760
1220
MAMTNTBM.ACM
83066
20923
1222
MAMTNTBN.ACM
89654
22293
1224
MAMTNTCH.ACM
76578
19367
1226
MAMTNTCJ.ACM
95858
24058
1228
MAMTNTKA.ACM
68748
16548
1230
MAMTNTKC.ACM
69680
16493
1232
MAMTNTKD.ACM
59422
13888
1234
MAMTNTKE.ACM
27192
7058
1236
MAMTNTLA.ACM
63552
14462
1238
MAMTNTLC.ACM
36142
8857
1240
MAMTNTLD.ACM
36640
8884
1242
MAMTNTLE.ACM
46940
11897
1244
MAMTNTMA.ACM
121106
24587
1246
MAMTNTMC.ACM
45832
9709
1248
MAMTNTMD.ACM
35040
8187
1250
MAMTNTME.ACM
46744
11880
1252
MAMTNTYA.ACM
75250
18854
1254
MAMTNTYB.ACM
52118
12965
1256
MAMTNTZA.ACM
88506
21989
1258
MAMTNTZB.ACM
54902
13926
1260
MAMTNTZQ.ACM
46266
11190
1262
MAMURTAA.ACM
23598
5517
1264
MAMURTAN.ACM
23718
5839
1266
MAMURTAO.ACM
17316
4941
1268
MAMURTAQ.ACM
27508
7129
1270
MAMURTBA.ACM
34412
9173
1272
MAMURTBD.ACM
45660
12291
1274
MAMURTBE.ACM
38258
9702
1276
MAMURTBF.ACM
71906
17498
1278
MAMURTCJ.ACM
35322
8935
1280
MAMURTYA.ACM
33606
9129
1282
MAMURTZA.ACM
35712
9248
1284
MAQUENAA.ACM
82968
19837
1286
MAQUENAN.ACM
49184
11707
1288
MAQUENAO.ACM
56236
13519
1290
MAQUENAP.ACM
56220
14324
1292
MAQUENAQ.ACM
52722
13212
1294
MAQUENAR.ACM
56550
14278
1296
MAQUENBA.ACM
54290
13972
1298
MAQUENBB.ACM
45238
11595
1300
MAQUENBD.ACM
61632
15658
1302
MAQUENBE.ACM
41744
11249
1304
MAQUENBF.ACM
64830
16415
1306
MAQUENBG.ACM
63502
16528
1308
MAQUENBI.ACM
70252
18354
1310
MAQUENBK.ACM
50354
13110
1312
MAQUENBL.ACM
52226
13368
1314
MAQUENBM.ACM
45994
12198
1316
MAQUENCH.ACM
53870
14407
1318
MAQUENCJ.ACM
49134
12367
1320
MAQUENZA.ACM
47982
12332
1322
MAQUENZB.ACM
46846
11868
1324
MAQUENZQ.ACM
25346
6732
1326
MAQUENZR.ACM
37592
9973
1328
MARDOGAA.ACM
49774
12273
1330
MARDOGAO.acm
17022
4292
1332
MARDOGAP.ACM
15938
3979
1334
MARDOGAQ.acm
42242
10885
1336
MARDOGBA.ACM
12624
3289
1338
MARDOGBB.ACM
13380
3592
1340
MARDOGBE.ACM
24730
6185
1342
MARDOGBF.ACM
93908
23174
1344
MARDOGBH.ACM
44272
11150
1346
MARDOGBI.ACM
56466
14408
1348
MARDOGBK.ACM
55708
14108
1350
MARDOGBL.ACM
54428
14050
1352
MARDOGCH.ACM
50598
11952
1354
MARDOGCJ.ACM
50386
12130
1356
MARDOGGR.acm
67052
17529
1358
MARDOGYA.ACM
18684
4802
1360
MARDOGYB.ACM
26144
6517
1362
MARDOGZA.ACM
20012
4793
1364
MARDOGZB.ACM
21720
5049
1366
MARDOGZQ.acm
25084
6187
1368
MAROBBAA.ACM
111118
27488
1370
MAROBBAN.ACM
64544
15185
1372
MAROBBAO.ACM
64392
16429
1374
MAROBBAP.ACM
62996
16020
1376
MAROBBAQ.ACM
69186
17084
1378
MAROBBBA.ACM
57124
14283
1380
MAROBBBB.ACM
65436
16252
1382
MAROBBBD.ACM
60594
15375
1384
MAROBBBI.ACM
56448
14330
1386
MAROBBBL.ACM
80986
19963
1388
MAROBBCH.ACM
90452
22810
1390
MAROBBCJ.ACM
94520
23811
1392
MAROBBLC.ACM
47004
12273
1394
MAROBBMC.ACM
41746
10746
1396
MAROBBYA.ACM
75212
19355
1398
MAROBBYB.ACM
55464
14271
1400
MAROBBZA.ACM
75016
18963
1402
MAROBBZB.ACM
79064
19380
1404
MAROBBZQ.ACM
36552
8132
1406
MAROBEAO.ACM
35690
8638
1408
MAROBEBA.ACM
26158
7131
1410
MAROBECJ.ACM
58168
14791
1412
MAROBEYA.ACM
39834
10145
1414
MAROBEZA.ACM
72692
18095
1416
MAROBOAA.ACM
88386
21258
1418
MAROBOAN.ACM
37172
9477
1420
MAROBOAO.ACM
55542
14020
1422
MAROBOAP.ACM
58666
14207
1424
MAROBOAQ.ACM
96480
22968
1426
MAROBOBA.ACM
92034
22509
1428
MAROBOBL.ACM
61132
14573
1430
MAROBOCJ.ACM
48298
11296
1432
MAROBOIA.ACM
79262
17715
1434
MAROBOIC.ACM
69992
15795
1436
MAROBOID.ACM
70712
15921
1438
MAROBOIE.ACM
54374
12114
1440
MAROBOJA.ACM
37380
8677
1442
MAROBOJC.ACM
69886
16372
1444
MAROBOJD.ACM
56316
13593
1446
MAROBOJE.ACM
60766
13889
1448
MAROBOYA.ACM
85680
20705
1450
MAROBOZA.ACM
100550
24261
1452
MAROBOZQ.ACM
15076
3911
1454
MAROBTAA.ACM
111118
27488
1456
MAROBTAN.ACM
64544
15185
1458
MAROBTAO.ACM
64392
16429
1460
MAROBTAP.ACM
62996
16020
1462
MAROBTAQ.ACM
69186
17084
1464
MAROBTBA.ACM
57124
14283
1466
MAROBTBB.ACM
65436
16252
1468
MAROBTBD.ACM
60594
15375
1470
MAROBTBI.ACM
56448
14330
1472
MAROBTBL.ACM
80986
19963
1474
MAROBTCH.ACM
90452
22810
1476
MAROBTCJ.ACM
94520
23811
1478
MAROBTLC.ACM
47004
12273
1480
MAROBTMC.ACM
41746
10746
1482
MAROBTYA.ACM
75212
19355
1484
MAROBTYB.ACM
55464
14271
1486
MAROBTZA.ACM
75016
18963
1488
MAROBTZB.ACM
79064
19380
1490
MAROBTZQ.ACM
36552
8132
1492
MASCP2AA.ACM
59724
14941
1494
MASCP2AN.ACM
23926
6122
1496
MASCP2AO.ACM
26880
7204
1498
MASCP2AQ.ACM
26444
7144
1500
MASCP2BA.ACM
40910
10102
1502
MASCP2BE.ACM
52926
13390
1504
MASCP2BH.ACM
61034
15448
1506
MASCP2BK.ACM
67674
17376
1508
MASCP2BL.ACM
71286
18294
1510
MASCP2CJ.ACM
37586
10006
1512
MASCP2YA.ACM
40708
10127
1514
MASCP2ZA.ACM
78834
19196
1516
MASCP2ZQ.ACM
21766
5904
1518
MASCRPAA.ACM
34288
8365
1520
MASCRPAO.ACM
34768
8092
1522
MASCRPAQ.ACM
35068
9110
1524
MASCRPBA.ACM
29294
6437
1526
MASCRPBE.ACM
54092
13227
1528
MASCRPBH.ACM
67674
16449
1530
MASCRPBK.ACM
77340
18989
1532
MASCRPBL.ACM
54092
13453
1534
MASCRPCJ.ACM
38946
10011
1536
MASCRPYA.ACM
33338
8351
1538
MASCRPZA.ACM
33338
8265
1540
MASCRPZQ.ACM
11454
3015
1542
MASPHNAA.ACM
40228
10262
1544
MASPHNAO.ACM
33958
8383
1546
MASPHNAP.ACM
36864
9062
1548
MASPHNAQ.ACM
32704
7776
1550
MASPHNBA.ACM
27776
7202
1552
MASPHNBB.ACM
29492
8053
1554
MASPHNBE.ACM
34202
8740
1556
MASPHNBG.ACM
61276
15379
1558
MASPHNBH.ACM
61548
15412
1560
MASPHNBI.ACM
40650
10243
1562
MASPHNBK.ACM
68384
17301
1564
MASPHNBL.ACM
49834
12542
1566
MASPHNCH.ACM
35218
9259
1568
MASPHNCJ.ACM
36332
9217
1570
MASPHNYA.ACM
33020
8579
1572
MASPHNYB.ACM
33020
8579
1574
MASPHNZA.ACM
49494
12903
1576
MASPHNZB.ACM
49494
12903
1578
MASPHNZQ.ACM
27196
7076
1580
MASRATAO.ACM
28200
7115
1582
MASRATAQ.ACM
22404
5908
1584
MASRATBA.ACM
13586
3106
1586
MASRATBD.ACM
26006
7050
1588
MASRATBE.ACM
26594
7228
1590
MASRATBF.ACM
26006
7050
1592
MASRATBH.ACM
23940
6212
1594
MASRATBK.ACM
32262
7992
1596
MASRATBL.ACM
26006
7050
1598
MASRATCJ.ACM
21032
5245
1600
MASRATYA.ACM
19070
5042
1602
MASRATZA.ACM
22982
6095
1604
MASRATZQ.ACM
5470
1075
1606
MASTRABL.ACM
32626
7721
1608
MATHNGAA.ACM
77036
19269
1610
MATHNGAO.ACM
23210
6093
1612
MATHNGAQ.ACM
18744
5024
1614
MATHNGBA.ACM
38224
10194
1616
MATHNGBE.ACM
43550
11248
1618
MATHNGBG.ACM
71770
18455
1620
MATHNGBH.ACM
45348
11392
1622
MATHNGBI.ACM
48950
12209
1624
MATHNGBK.ACM
59088
14990
1626
MATHNGBL.ACM
52624
13278
1628
MATHNGBM.ACM
64300
16189
1630
MATHNGCH.ACM
35206
9169
1632
MATHNGCJ.ACM
32284
8264
1634
MATHNGYA.ACM
46994
11349
1636
MATHNGZA.ACM
59692
15074
1638
MATHNGZQ.ACM
18066
4941
1640
MAXFLR.ACM
35036
8007
1642
MECHPUM1.ACM
141940
31289
1644
MECHPUMP.ACM
144520
32495
1646
MENUBUT1.acm
10794
4128
1648
MINIGUN.ACM
17646
4010
1650
MONITOR.ACM
27648
4362
1652
MTLARMOR.ACM
20374
4544
1654
NACHLDAO.ACM
29094
6753
1656
NACHLDAP.ACM
33128
7538
1658
NACHLDAQ.ACM
25258
4607
1660
NACHLDAR.ACM
45242
11321
1662
NACHLDBA.ACM
50216
11284
1664
NACHLDBB.ACM
62112
13325
1666
NACHLDBD.ACM
117648
26893
1668
NACHLDBF.ACM
120800
29218
1670
NACHLDBG.ACM
110978
26650
1672
NACHLDBH.ACM
79376
18243
1674
NACHLDBI.ACM
95228
22628
1676
NACHLDBJ.ACM
64846
15049
1678
NACHLDBK.ACM
117460
28126
1680
NACHLDBL.ACM
62976
15690
1682
NACHLDBM.ACM
82276
19365
1684
NACHLDBN.ACM
83968
21685
1686
NACHLDCH.ACM
69224
16374
1688
NACHLDCJ.ACM
67608
16566
1690
NACHLDYA.ACM
50308
11397
1692
NACHLDYB.ACM
60064
12953
1694
NACHLDZA.ACM
53640
12290
1696
NACHLDZB.ACM
60006
13374
1698
NACHLDZQ.ACM
23040
4948
1700
NACHLDZR.ACM
13628
3928
1702
NAGHULAN.ACM
28218
6996
1704
NAGHULAO.ACM
30178
8014
1706
NAGHULAP.ACM
29364
7897
1708
NAGHULBA.ACM
50720
13164
1710
NAGHULBB.ACM
48554
12196
1712
NAGHULBD.ACM
107098
27226
1714
NAGHULBE.ACM
58102
15380
1716
NAGHULBF.ACM
106900
27358
1718
NAGHULBG.ACM
116576
29842
1720
NAGHULBH.ACM
67476
17226
1722
NAGHULBI.ACM
64402
16308
1724
NAGHULBK.ACM
148676
37466
1726
NAGHULCH.ACM
68544
17158
1728
NAGHULCJ.ACM
78524
20081
1730
NAGHULDE.ACM
22558
5959
1732
NAGHULEE.ACM
27552
7062
1734
NAGHULFE.ACM
31086
7962
1736
NAGHULGE.ACM
27874
7088
1738
NAGHULHE.ACM
34086
8483
1740
NAGHULIE.ACM
28122
7033
1742
NAGHULJE.ACM
40102
9725
1744
NAGHULKE.ACM
31106
8063
1746
NAGHULLE.ACM
32728
8212
1748
NAGHULME.ACM
30296
8150
1750
NAGHULYA.ACM
43748
11202
1752
NAGHULYB.ACM
43740
11091
1754
NAGHULZA.ACM
46358
12260
1756
NAGHULZB.ACM
47910
12324
1758
NEPTUNE.ACM
87332
21116
1760
NMGZMOAN.ACM
24142
6155
1762
NMGZMOAO.ACM
26244
7145
1764
NMGZMOBA.ACM
54520
14147
1766
NMGZMOBD.ACM
141592
35430
1768
NMGZMOCJ.ACM
61880
15847
1770
NMGZMOHA.ACM
27938
6485
1772
NMGZMOHC.ACM
80072
18825
1774
NMGZMOHD.ACM
53632
12556
1776
NMGZMOHE.ACM
23348
6070
1778
NMGZMOYA.ACM
78924
20342
1780
NMGZMOZA.ACM
97772
24436
1782
NMOVERLC.ACM
39330
9385
1784
NMOVR2BA.ACM
435692
101553
1786
NMOVR2BL.ACM
424058
100048
1788
NMSELEC0.ACM
4320
1328
1790
NMSELEC1.ACM
5824
1851
1792
NMSOLOAA.ACM
70066
17647
1794
ORE.ACM
143958
34778
1796
ORE1.ACM
136522
33661
1798
PEBBLE.ACM
84984
17902
1800
PEBBLE1.ACM
84156
16740
1802
PICKKEYS.ACM
24854
6698
1804
PISTOL.ACM
16708
3760
1806
PLUTO.ACM
67540
17462
1808
POTSPAN1.ACM
59136
12787
1810
POTSPANS.ACM
49024
10739
1812
powr.acm
21304
9260
1814
powrb.acm
21304
9510
1816
PUDDLE.ACM
102664
22887
1818
PUDDLE1.ACM
97366
21946
1820
PWRARMOR.ACM
18712
4472
1822
PWRSWTCH.ACM
21404
5244
1824
qswing.acm
20424
5824
1826
RATTLE.ACM
135590
33544
1828
RATTLE1.ACM
128200
30754
1830
RIFLE.ACM
16282
3590
1832
RLAUNCH.ACM
35218
6489
1834
ROBE.ACM
33288
7235
1836
ROCK.ACM
24450
2730
1838
ROPE.ACM
22350
2480
1840
ROPEWELL.ACM
23842
5733
1842
RSHELL.ACM
33726
4990
1844
SALOON.ACM
119558
29252
1846
SALOON1.ACM
113384
27307
1848
SATURN.ACM
64484
15958
1850
SCBVXXX1.acm
464896
117973
1852
SCDOORSA.ACM
57228
12388
1854
SCDOORSB.ACM
197446
45249
1856
SCDOORSC.ACM
58450
13103
1858
SCDOORSD.ACM
64790
10496
1860
SCDOORSE.ACM
44034
10201
1862
SCDOORSF.ACM
65424
14741
1864
SCDOORSG.ACM
52914
11844
1866
SCDOORSH.ACM
63310
14210
1868
SCDOORSI.ACM
66280
15696
1870
SCDOORSJ.ACM
60450
13756
1872
SCDOORSK.ACM
67938
15631
1874
SCDOORSL.ACM
69660
12810
1876
SCDOORSM.ACM
57314
12709
1878
SCDOORSN.ACM
55544
12051
1880
SCDOORSO.ACM
173224
37901
1882
SCDOORSP.ACM
26970
7114
1884
SCDOORSQ.ACM
32420
8211
1886
SCDOORSR.ACM
29144
7389
1888
SCDOORSS.ACM
184332
31753
1890
SCDOORST.ACM
85646
20536
1892
SCOWDCX1.acm
51456
14318
1894
SCOWDOX1.acm
49408
12651
1896
SCWDCXX1.acm
53168
14202
1898
SCWDOXX1.acm
30652
8216
1900
SEAGULL.ACM
103664
23280
1902
SEAGULL1.ACM
114166
23752
1904
SEAWIND.ACM
126380
28071
1906
SEAWIND1.ACM
120932
27067
1908
SELEVDX1.ACM
47228
11634
1910
SELEVUX1.ACM
136948
34033
1912
SHOTS.ACM
121592
29750
1914
SHOTS1.ACM
75344
18898
1916
SHUFFLE.ACM
82114
19177
1918
SKEYBUZ1.ACM
26048
5883
1920
SKEYWIP1.ACM
58484
14251
1922
SLDOORSA.ACM
51388
12033
1924
SLDOORSB.ACM
51388
12033
1926
SLDOORSC.ACM
43032
9146
1928
SLDOORSD.ACM
53354
10549
1930
SLDOORSE.ACM
53354
10549
1932
SLDOORSF.ACM
53354
10549
1934
SLDOORSG.ACM
53354
10549
1936
SLDOORSH.ACM
53354
10549
1938
SLDOORSJ.ACM
51388
12033
1940
SLDOORSK.ACM
51388
12033
1942
SLDOORSO.ACM
50314
11770
1944
SLDOORSQ.ACM
31444
8089
1946
SLDOORSR.ACM
36340
9130
1948
SLDOORSS.ACM
60156
12008
1950
SLDOORST.ACM
50874
11974
1952
SLEDGE.ACM
29080
4681
1954
SNDOORSA.ACM
41366
8972
1956
SNDOORSB.ACM
41366
8972
1958
SNDOORSC.ACM
41184
10036
1960
SNDOORSD.ACM
52688
12841
1962
SNDOORSE.ACM
52688
12841
1964
SNDOORSF.ACM
52688
12841
1966
SNDOORSG.ACM
52688
12841
1968
SNDOORSH.ACM
52688
12841
1970
SNDOORSJ.ACM
41366
8972
1972
SNDOORSK.ACM
41366
8972
1974
SNDOORSQ.ACM
47994
12056
1976
SNDOORSR.ACM
36034
9144
1978
SNDOORST.ACM
99052
24035
1980
SODOORSA.ACM
58078
12588
1982
SODOORSB.ACM
147576
34787
1984
SODOORSC.ACM
47478
10556
1986
SODOORSD.ACM
44562
8808
1988
SODOORSE.ACM
30736
6972
1990
SODOORSF.ACM
47476
10466
1992
SODOORSG.ACM
37940
7935
1994
SODOORSH.ACM
50126
11440
1996
SODOORSI.ACM
57704
13580
1998
SODOORSJ.ACM
57700
13356
2000
SODOORSK.ACM
59068
13011
2002
SODOORSL.ACM
67066
10484
2004
SODOORSM.ACM
57318
12680
2006
SODOORSN.ACM
45700
10094
2008
SODOORSO.ACM
143128
30378
2010
SODOORSP.ACM
37082
9528
2012
SODOORSQ.ACM
27376
6977
2014
SODOORSR.ACM
90430
22557
2016
SODOORSS.ACM
188834
34045
2018
SODOORST.ACM
76002
18590
2020
SPEAR.ACM
28142
4068
2022
SPRTRAP.ACM
38434
9393
2024
SQUEAK.ACM
32256
7507
2026
SQUEAK1.ACM
21882
5055
2028
SREFCLX1.acm
17904
4359
2030
SREFOPX1.acm
29568
8171
2032
STARDIS1.ACM
374548
77236
2034
STEAM.ACM
66128
16686
2036
STEAM1.ACM
117776
28408
2038
SWDKEYX1.ACM
34188
8480
2040
TANKS.ACM
30506
5046
2042
TOGGLE.ACM
16878
3694
2044
URANIUM.ACM
82360
20934
2046
UZI.ACM
34126
5859
2048
VULTURE.ACM
119228
28562
2050
VULTURE1.ACM
122122
28775
2052
WA!1XXX1.ACM
105238
26711
2054
WA!1XXX2.ACM
105238
26711
2056
wA#1XXX1.acm
52816
13431
2058
wA#1XXX2.acm
49788
13007
2060
wA#2XXX1.acm
49864
11640
2062
wA#2XXX2.acm
48714
11184
2064
WA$1XXX1.ACM
51760
11942
2066
WA$1XXX2.ACM
47576
11316
2068
WA$2XXX1.ACM
69220
16661
2070
WA$2XXX2.ACM
67372
16324
2072
WA%1XXX1.acm
24960
10924
2074
WA%1XXX2.acm
36352
17092
2076
WA'1XXX1.acm
52140
24280
2078
WA(1XXX1.ACM
54204
13594
2080
WA(1XXX2.ACM
64764
15596
2082
WA(2XXX1.ACM
60124
27532
2084
WA)1XXX1.acm
48038
14781
2086
WA01XXX1.ACM
39988
8476
2088
WA01XXX2.ACM
36170
8051
2090
WA02XXX1.ACM
62062
14726
2092
WA02XXX2.ACM
69594
16044
2094
WA11XXX1.ACM
22894
4678
2096
WA21XXX1.ACM
40922
9679
2098
WA21XXX2.ACM
37476
9655
2100
WA22FXX1.ACM
14720
4095
2102
WA31XXX1.ACM
25422
6227
2104
WA31XXX2.ACM
24782
5942
2106
WA32XXX1.ACM
32446
7972
2108
WA32XXX2.ACM
29778
7285
2110
WA41XXX1.ACM
64174
16109
2112
WA42XXX1.ACM
20808
5055
2114
WA42XXX2.ACM
36696
7756
2116
WA51XXX1.ACM
42386
10925
2118
WA52XXX1.ACM
47932
11928
2120
WA61XXX1.ACM
24128
6051
2122
WA62XXX1.ACM
23306
5805
2124
WA71XXX1.ACM
48960
12232
2126
WA72XXX1.ACM
40038
10177
2128
WA81XXX1.ACM
33728
9081
2130
WA82XXX1.ACM
40038
10183
2132
WA91XXX1.ACM
37638
9484
2134
WA92XXX1.ACM
31948
7981
2136
WA@1XXX1.ACM
66022
16016
2138
WA@1XXX2.ACM
74876
18069
2140
WA@2XXX1.ACM
78714
19611
2142
WA@2XXX2.ACM
101728
24779
2144
WAA1XXX1.ACM
47184
12090
2146
WAA1XXX2.ACM
50392
12740
2148
WAA2XXX1.ACM
69286
33034
2150
WAB1XXX1.ACM
57520
13071
2152
WAB1XXX2.ACM
61760
14499
2154
WAB1XXX3.ACM
61134
14737
2156
WAC1XXX1.ACM
60690
12578
2158
WAC1XXX2.ACM
51824
11584
2160
WAD1XXX1.acm
27852
6273
2162
WAD1XXX2.acm
26912
6252
2164
WAD2XXX1.acm
49864
11640
2166
WAD2XXX2.acm
48714
11184
2168
WAE1XXX1.ACM
65902
23432
2170
WAE1XXX2.ACM
44066
11131
2172
WAE2XXX1.ACM
70526
33139
2174
WAF1XXX1.ACM
45612
11850
2176
WAF1XXX2.ACM
57094
13910
2178
WAG1XXX1.ACM
82548
19878
2180
WAG1XXX2.ACM
92568
21735
2182
WAH1XXX1.ACM
43184
11017
2184
WAH1XXX2.ACM
42388
11029
2186
WAH2XXX1.ACM
72812
17837
2188
WAH2XXX2.ACM
90744
22763
2190
WAI1XXX1.ACM
61308
15341
2192
WAI1XXX2.ACM
46122
12105
2194
WAJ1XXX1.ACM
39182
10268
2196
WAJ1XXX2.ACM
48928
12349
2198
WAK1XXX1.ACM
58068
14997
2200
WAK1XXX2.ACM
60936
15228
2202
WAL1XXX1.acm
83744
19243
2204
WAL1XXX2.acm
72616
18494
2206
WAM1XXX1.ACM
79908
19352
2208
WAM1XXX2.ACM
81182
18538
2210
WAN1XXX1.ACM
47346
12192
2212
WAN1XXX2.ACM
60270
15176
2214
WAO1XXX1.ACM
64174
16109
2216
WAP1XXX1.ACM
64174
16109
2218
WAQ1XXX1.ACM
64174
16109
2220
WAR1XXX1.ACM
54204
13594
2222
WAR1XXX2.ACM
64764
15596
2224
WAR2XXX1.ACM
72812
18332
2226
WAS1XXX1.ACM
40542
9268
2228
WAS1XXX2.ACM
44372
10474
2230
WATER.ACM
56294
10394
2232
WATER1.ACM
105662
17060
2234
WAU1XXX1.ACM
15642
2954
2236
WAU1XXX2.ACM
15970
3238
2238
WAV1XXX1.ACM
21528
6048
2240
WAV1XXX2.ACM
23026
6078
2242
WAVES.ACM
117532
28642
2244
WAVES1.ACM
122366
29826
2246
WAW1XXX1.ACM
85516
21300
2248
WAW1XXX2.ACM
82472
20768
2250
WAX1XXX1.ACM
46678
11416
2252
WAX1XXX2.ACM
46146
11541
2254
WAY1XXX1.ACM
55792
14367
2256
WAY1XXX2.ACM
59606
15263
2258
WAZ1XXX1.ACM
33646
9107
2260
WAZ1XXX2.ACM
40124
10098
2262
WEPNBOX.ACM
38698
6578
2264
WF21XXX1.ACM
20808
5055
2266
WF41XXX1.ACM
34000
7818
2268
WFN1XXX1.ACM
89298
19848
2270
WFO1XXX1.ACM
20808
5055
2272
WFP1XXX1.ACM
20808
5055
2274
WFQ1XXX1.ACM
20808
5055
2276
wH#1FXX1.acm
37322
8978
2278
wH#1FXX2.acm
36446
8659
2280
wH#1MXX1.acm
34640
8443
2282
wH#1MXX2.acm
42820
10194
2284
wH#1SXX1.acm
43476
10876
2286
wH#1SXX2.acm
47408
11733
2288
wH#1WXX1.acm
24918
6392
2290
wH#1WXX2.acm
42740
10299
2292
wH#2FXX1.acm
44178
11082
2294
wH#2FXX2.acm
37696
9402
2296
wH#2MXX1.acm
59490
13856
2298
wH#2MXX2.acm
51392
12301
2300
wH#2SXX1.acm
44136
10663
2302
wH#2SXX2.acm
41012
9853
2304
wH#2WXX1.acm
66122
15442
2306
wH#2WXX2.acm
58778
12768
2308
WH$1FXX1.ACM
18886
5067
2310
WH$1FXX2.ACM
19810
5141
2312
WH$2FXX1.ACM
26100
6301
2314
WH$2FXX2.ACM
24424
6072
2316
WH%1FXX1.acm
59394
22827
2318
WH%1MXX1.acm
51994
21527
2320
WH%1SXX1.acm
44800
17958
2322
WH%1WXX1.acm
39296
19368
2324
WH'1FXX1.acm
45640
22201
2326
WH'1MXX1.acm
39296
19374
2328
WH'1SXX1.acm
52480
21608
2330
WH'1WXX1.acm
44800
17978
2332
WH(1FXX1.ACM
46466
10945
2334
WH(1FXX2.ACM
54806
12647
2336
WH(1MXX1.ACM
28808
5713
2338
WH(1MXX2.ACM
29442
6559
2340
WH(1SXX1.ACM
35458
7488
2342
WH(1SXX2.ACM
33556
7674
2344
WH(1WXX1.ACM
23418
5623
2346
WH(1WXX2.ACM
23480
5428
2348
WH)1XXX1.acm
84620
35904
2350
WH)1XXX2.acm
80408
34006
2352
WH01FXX1.ACM
29056
7037
2354
WH02FXX1.ACM
32896
7375
2356
WH11FXX1.ACM
23446
5437
2358
WH21FXX1.ACM
13628
3148
2360
WH21FXX2.ACM
12986
3012
2362
WH21MXX1.ACM
23970
5891
2364
WH21MXX2.ACM
23970
5891
2366
WH21SXX1.ACM
10698
2425
2368
WH21SXX2.ACM
10698
2425
2370
WH21WXX1.ACM
12686
2790
2372
WH21WXX2.ACM
18758
4323
2374
WH31FXX1.ACM
14098
3877
2376
WH31FXX2.ACM
19328
4430
2378
WH31MXX1.ACM
16900
4151
2380
WH31MXX2.ACM
20928
5133
2382
WH32FXX1.ACM
14382
3468
2384
WH32FXX2.ACM
18470
4738
2386
WH32MXX1.ACM
18140
4782
2388
WH32WXX1.ACM
17756
4292
2390
WH32WXX2.ACM
20480
5098
2392
WH41FXX1.ACM
13184
3177
2394
WH41MXX1.ACM
14848
3888
2396
WH41WXX1.ACM
17756
4292
2398
WH41WXX2.ACM
20480
5098
2400
WH42FXX1.ACM
38466
8954
2402
WH42FXX2.ACM
19328
4430
2404
WH42MXX1.ACM
17348
4492
2406
WH42SXX1.ACM
26772
6291
2408
WH42WXX1.ACM
16076
4068
2410
WH51FXX1.ACM
20322
5120
2412
WH51MXX1.ACM
27206
6782
2414
WH52FXX1.ACM
21064
5208
2416
WH52MXX1.ACM
21434
5649
2418
WH61FXX1.ACM
16678
4046
2420
WH61MXX1.ACM
21178
5673
2422
WH62FXX1.ACM
19322
4606
2424
WH62MXX1.ACM
21178
5673
2426
WH71FXX1.ACM
23860
5985
2428
WH71MXX1.ACM
24002
5936
2430
WH72FXX1.ACM
22630
5667
2432
WH72MXX1.ACM
24140
5890
2434
WH81FXX1.ACM
24970
6228
2436
WH81FXX2.ACM
20370
5057
2438
WH81MXX1.ACM
18972
4513
2440
WH81MXX2.ACM
22484
5803
2442
WH82FXX1.ACM
27546
6974
2444
WH82MXX1.ACM
28256
7185
2446
WH82SXX1.ACM
30624
7434
2448
WH82WXX1.ACM
23512
5867
2450
WH91FXX1.ACM
42548
11192
2452
WH92FXX1.ACM
41508
10562
2454
WH@1MXX1.ACM
36592
9085
2456
WH@1MXX2.ACM
19344
4994
2458
WH@2MXX1.ACM
59124
15039
2460
WH@2MXX2.ACM
43054
11089
2462
WHA1FXX1.ACM
15100
4066
2464
WHA1FXX2.ACM
35264
9115
2466
WHA1MXX1.ACM
32664
7940
2468
WHA1MXX2.ACM
26686
6999
2470
WHA1SXX1.ACM
26344
6996
2472
WHA1SXX2.ACM
26692
7050
2474
WHA1WXX1.ACM
27054
7063
2476
WHA1WXX2.ACM
37778
9943
2478
WHB1FXX1.ACM
15100
4066
2480
WHB1FXX2.ACM
35264
9115
2482
WHB1MXX1.ACM
32664
7940
2484
WHB1MXX2.ACM
26686
6999
2486
WHB1SXX1.ACM
26344
6996
2488
WHB1SXX2.ACM
26692
7050
2490
WHB1WXX1.ACM
27054
7063
2492
WHB1WXX2.ACM
37778
9943
2494
WHC1FXX1.ACM
28042
7194
2496
WHC1FXX2.ACM
48884
12257
2498
WHC1MXX1.ACM
41262
10362
2500
WHC1MXX2.ACM
44424
10877
2502
WHC1SXX1.ACM
38566
9952
2504
WHC1SXX2.ACM
50328
12505
2506
WHC1WXX1.ACM
47678
12002
2508
WHC1WXX2.ACM
47020
11853
2510
WHD1FXX1.acm
53558
12718
2512
WHD1FXX2.acm
47994
12051
2514
WHD1MXX1.acm
73382
17936
2516
WHD1MXX2.acm
73122
17895
2518
WHD1SXX1.acm
86552
20544
2520
WHD1SXX2.acm
59406
16069
2522
WHD1WXX1.acm
47616
10563
2524
WHD1WXX2.acm
41472
10426
2526
WHD2FXX1.acm
44178
11082
2528
WHD2FXX2.acm
37696
9402
2530
WHD2MXX1.acm
59490
13856
2532
WHD2MXX2.acm
51392
12301
2534
WHD2SXX1.acm
44136
10663
2536
WHD2SXX2.acm
41012
9853
2538
WHD2WXX1.acm
66122
15442
2540
WHD2WXX2.acm
58778
12768
2542
WHE1FXX1.ACM
53558
12718
2544
WHE1FXX2.ACM
47994
12051
2546
WHE1MXX1.ACM
73382
17936
2548
WHE1MXX2.ACM
73122
17895
2550
WHE1SXX1.ACM
86552
20544
2552
WHE1SXX2.ACM
59406
16069
2554
WHE1WXX1.ACM
47616
10563
2556
WHE1WXX2.ACM
41472
10426
2558
WHF1XXX1.ACM
35752
8884
2560
WHG1FXX1.ACM
15100
4066
2562
WHG1FXX2.ACM
35264
9115
2564
WHG1MXX1.ACM
32664
7940
2566
WHG1MXX2.ACM
26686
6999
2568
WHG1SXX1.ACM
26344
6996
2570
WHG1SXX2.ACM
26692
7050
2572
WHG1WXX1.ACM
27054
7063
2574
WHG1WXX2.ACM
37778
9943
2576
WHH1FXX1.ACM
53558
12718
2578
WHH1FXX2.ACM
47994
12051
2580
WHH1MXX1.ACM
73382
17936
2582
WHH1MXX2.ACM
73122
17895
2584
WHH1SXX1.ACM
86552
20544
2586
WHH1SXX2.ACM
59406
16069
2588
WHH1WXX1.ACM
47616
10563
2590
WHH1WXX2.ACM
41472
10426
2592
WHH2FXX1.ACM
44178
11082
2594
WHH2FXX2.ACM
37696
9402
2596
WHH2MXX1.ACM
59490
13856
2598
WHH2MXX2.ACM
51392
12301
2600
WHH2SXX1.ACM
44136
10663
2602
WHH2SXX2.ACM
41012
9853
2604
WHH2WXX1.ACM
66122
15442
2606
WHH2WXX2.ACM
58778
12768
2608
WHJ1FXX1.ACM
28042
7194
2610
WHJ1FXX2.ACM
48884
12257
2612
WHJ1MXX1.ACM
41262
10362
2614
WHJ1MXX2.ACM
44424
10877
2616
WHJ1SXX1.ACM
38566
9952
2618
WHJ1SXX2.ACM
50328
12505
2620
WHJ1WXX1.ACM
47678
12002
2622
WHJ1WXX2.ACM
47020
11853
2624
WHK1XXX1.ACM
35752
8884
2626
WHL1FXX1.acm
60822
14778
2628
WHL1FXX2.acm
57262
13922
2630
WHL1MXX1.acm
63902
15834
2632
WHL1MXX2.acm
56944
14366
2634
WHL1SXX1.acm
51882
13218
2636
WHL1SXX2.acm
58582
15132
2638
WHL1WXX1.acm
63076
16048
2640
WHL1WXX2.acm
104646
26168
2642
WHM1FXX1.ACM
28334
7130
2644
WHM1FXX2.ACM
40948
10073
2646
WHM1MXX1.ACM
40532
9993
2648
WHM1MXX2.ACM
37870
9533
2650
WHM1SXX1.ACM
49008
12189
2652
WHM1SXX2.ACM
40870
10142
2654
WHM1WXX1.ACM
42256
11042
2656
WHM1WXX2.ACM
54536
13745
2658
WHN1XXX1.ACM
80258
19715
2660
WHN1XXX2.ACM
74590
18961
2662
WHO1XXX1.ACM
65298
16222
2664
WHO1XXX2.ACM
59856
15272
2666
WHP1XXX1.ACM
66380
17008
2668
WHQ1XXX1.ACM
56968
14295
2670
WHR1FXX1.ACM
46466
10945
2672
WHR1FXX2.ACM
54806
12647
2674
WHR1MXX1.ACM
28808
5713
2676
WHR1MXX2.ACM
29442
6559
2678
WHR1SXX1.ACM
35458
7488
2680
WHR1SXX2.ACM
33556
7674
2682
WHR1WXX1.ACM
23418
5623
2684
WHR1WXX2.ACM
23480
5428
2686
WHS1FXX1.ACM
62844
15406
2688
WHS1FXX2.ACM
55918
13570
2690
WHS1MXX1.ACM
57762
12472
2692
WHS1MXX2.ACM
54434
12081
2694
WHS1SXX1.ACM
39010
9169
2696
WHS1WXX1.ACM
37598
9094
2698
WHS1WXX2.ACM
37600
9088
2700
WHU1FXX1.ACM
15774
2529
2702
WHU1FXX2.ACM
15774
2529
2704
WHU1MXX1.ACM
15950
3253
2706
WHU1MXX2.ACM
14620
2782
2708
WHU1SXX1.ACM
15620
3078
2710
WHU1SXX2.ACM
16490
2907
2712
WHU1WXX1.ACM
12392
2679
2714
WHU1WXX2.ACM
19598
3481
2716
WHV1FXX1.ACM
26968
6994
2718
WHV1FXX2.ACM
21766
5504
2720
WHV1MXX1.ACM
27568
6187
2722
WHV1MXX2.ACM
29712
6510
2724
WHV1SXX1.ACM
26548
6004
2726
WHV1SXX2.ACM
26548
6004
2728
WHV1WXX1.ACM
17658
5103
2730
WHV1WXX2.ACM
25442
6337
2732
WHW1FXX1.ACM
29264
8087
2734
WHW1FXX2.ACM
38372
10106
2736
WHW1MXX1.ACM
33106
7345
2738
WHW1MXX2.ACM
37944
8128
2740
WHW1SXX1.ACM
27666
6940
2742
WHW1SXX2.ACM
38168
9864
2744
WHW1WXX1.ACM
40278
10209
2746
WHW1WXX2.ACM
28302
6981
2748
WHX1FXX1.ACM
47252
12125
2750
WHX1FXX2.ACM
30800
8169
2752
WHX1MXX1.ACM
49110
12236
2754
WHX1MXX2.ACM
64612
13516
2756
WHX1SXX1.ACM
62690
15776
2758
WHX1SXX2.ACM
62542
15835
2760
WHX1WXX1.ACM
32704
8137
2762
WHX1WXX2.ACM
29842
7757
2764
WHY1FXX1.ACM
28030
7206
2766
WHY1FXX2.ACM
19292
5113
2768
WHY1MXX1.ACM
25820
6981
2770
WHY1MXX2.ACM
24836
6256
2772
WHY1SXX1.ACM
37872
9408
2774
WHY1SXX2.ACM
78554
17662
2776
WHY1WXX1.ACM
34646
9103
2778
WHY1WXX2.ACM
35242
9149
2780
WHZ1FXX1.ACM
19668
5164
2782
WHZ1FXX2.ACM
18740
5094
2784
WHZ1MXX1.ACM
14376
4070
2786
WHZ1MXX2.ACM
17026
3965
2788
WHZ1SXX1.ACM
29868
7344
2790
WHZ1SXX2.ACM
32788
8169
2792
WHZ1WXX1.ACM
21606
5776
2794
WHZ1WXX2.ACM
22604
5715
2796
WINDDOO1.ACM
114724
27421
2798
WINDDOOR.ACM
117996
28469
2800
WINNER.ACM
105952
26749
2802
wO#1XXX1.ACM
13580
4010
2804
WO#XXXX1.ACM
13580
4010
2806
WO)1XXX1.ACM
13530
3952
2808
WO@1XXX1.ACM
18486
5128
2810
WO@XXXX1.ACM
18402
5121
2812
WOA1XXX1.ACM
15568
4089
2814
WOB1XXX1.ACM
13036
3827
2816
WOC1XXX1.ACM
16602
4292
2818
WOD1XXX1.ACM
13530
3952
2820
WOE1XXX1.ACM
13036
3827
2822
WOF1XXX1.ACM
11514
3078
2824
WOG1XXX1.ACM
13530
3944
2826
WOH1XXX1.ACM
14814
3998
2828
WOI1XXX1.ACM
20144
5050
2830
WOJ1XXX1.ACM
29660
8007
2832
WOK1XXX1.ACM
13722
4027
2834
WOL1XXX1.ACM
13586
3939
2836
WOM1XXX1.ACM
17466
4812
2838
WON1XXX1.ACM
13530
3952
2840
WOR1XXX1.ACM
14482
3455
2842
WOS1XXX1.ACM
51772
11741
2844
WOU1XXX1.ACM
5150
1957
2846
WOV1XXX1.ACM
17248
4873
2848
WOVXXXX1.ACM
17248
4873
2850
WOW1XXX1.ACM
37142
9335
2852
WOWXXXX1.ACM
37142
9335
2854
WOX1XXX1.ACM
20778
5186
2856
WOXXXXX1.ACM
20778
5186
2858
WOY1XXX1.ACM
13716
3958
2860
WOYXXXX1.ACM
13716
3958
2862
WOZ1XXX1.ACM
35038
9008
2864
WOZXXXX1.ACM
35038
9008
2866
wR#1XXX1.ACM
38674
10159
2868
WR#XXXX1.ACM
38674
10159
2870
WR(1XXX1.ACM
51038
11205
2872
WR)1XXX1.ACM
64054
29950
2874
WR@1XXX1.ACM
44676
11039
2876
WR@XXXX1.ACM
38134
10198
2878
WRA1XXX1.ACM
22838
6066
2880
WRB1XXX1.ACM
22838
6066
2882
WRC1XXX1.ACM
36440
6998
2884
WRD1XXX1.ACM
31622
7630
2886
WRE1XXX1.ACM
22838
6066
2888
WRF1XXX1.ACM
16184
4092
2890
WRG1XXX1.ACM
28032
7109
2892
WRH1XXX1.ACM
29348
7331
2894
WRI1XXX1.ACM
21478
5744
2896
WRJ1XXX1.ACM
29016
7309
2898
WRK1XXX1.ACM
22314
6180
2900
WRL1XXX1.ACM
37276
9324
2902
WRM1XXX1.ACM
29530
7957
2904
WRN1XXX1.ACM
23114
5809
2906
WRR1XXX1.ACM
51038
11205
2908
WRS1XXX1.ACM
102384
23625
2910
WRU1XXX1.ACM
31374
7453
2912
WRUXXXX1.ACM
31374
7453
2914
WRV1XXX1.ACM
25430
6035
2916
WRVXXXX1.ACM
25430
6035
2918
WRW1XXX1.ACM
63554
16445
2920
WRX1XXX1.ACM
51814
13157
2922
WRXXXXX1.ACM
51814
13157
2924
WRY1XXX1.ACM
56052
14272
2926
WRYXXXX1.ACM
56052
14272
2928
WRZ1XXX1.ACM
48846
12339
2930
WRZXXXX1.ACM
48846
12339
2932
WWHNXXX2.ACM
80254
18250
2934
ZAPPER.ACM
29292
7172
2936
ZAPPER1.ACM
32450
6796
2938
ZIPPER.ACM
39872
10265
2940
zippo.acm
51798
11722
2942
